

================================================================
== Vitis HLS Report for 'fir_Pipeline_TDL'
================================================================
* Date:           Wed Mar  5 05:20:13 2025

* Version:        2022.1 (Build 3526262 on Mon Apr 18 15:47:01 MDT 2022)
* Project:        pipeline_fir
* Solution:       solution1 (Vivado IP Flow Target)
* Product family: zynquplus
* Target device:  xck26-sfvc784-2LV-c


================================================================
== Performance Estimates
================================================================
+ Timing: 
    * Summary: 
    +--------+----------+----------+------------+
    |  Clock |  Target  | Estimated| Uncertainty|
    +--------+----------+----------+------------+
    |ap_clk  |  10.00 ns|  1.474 ns|     2.70 ns|
    +--------+----------+----------+------------+

+ Latency: 
    * Summary: 
    +---------+---------+----------+----------+-----+-----+---------+
    |  Latency (cycles) |  Latency (absolute) |  Interval | Pipeline|
    |   min   |   max   |    min   |    max   | min | max |   Type  |
    +---------+---------+----------+----------+-----+-----+---------+
    |       12|       12|  0.120 us|  0.120 us|   12|   12|       no|
    +---------+---------+----------+----------+-----+-----+---------+

    + Detail: 
        * Instance: 
        N/A

        * Loop: 
        +----------+---------+---------+----------+-----------+-----------+------+----------+
        |          |  Latency (cycles) | Iteration|  Initiation Interval  | Trip |          |
        | Loop Name|   min   |   max   |  Latency |  achieved |   target  | Count| Pipelined|
        +----------+---------+---------+----------+-----------+-----------+------+----------+
        |- TDL     |       10|       10|         2|          1|          1|    10|       yes|
        +----------+---------+---------+----------+-----------+-----------+------+----------+



================================================================
== Utilization Estimates
================================================================
* Summary: 
+-----------------+---------+------+--------+--------+-----+
|       Name      | BRAM_18K|  DSP |   FF   |   LUT  | URAM|
+-----------------+---------+------+--------+--------+-----+
|DSP              |        -|     -|       -|       -|    -|
|Expression       |        -|     -|       0|      23|    -|
|FIFO             |        -|     -|       -|       -|    -|
|Instance         |        -|     -|       -|       -|    -|
|Memory           |        -|     -|       -|       -|    -|
|Multiplexer      |        -|     -|       -|      36|    -|
|Register         |        -|     -|      11|       -|    -|
+-----------------+---------+------+--------+--------+-----+
|Total            |        0|     0|      11|      59|    0|
+-----------------+---------+------+--------+--------+-----+
|Available        |      288|  1248|  234240|  117120|   64|
+-----------------+---------+------+--------+--------+-----+
|Utilization (%)  |        0|     0|      ~0|      ~0|    0|
+-----------------+---------+------+--------+--------+-----+

+ Detail: 
    * Instance: 
    N/A

    * DSP: 
    N/A

    * Memory: 
    N/A

    * FIFO: 
    N/A

    * Expression: 
    +--------------------+----------+----+---+----+------------+------------+
    |    Variable Name   | Operation| DSP| FF| LUT| Bitwidth P0| Bitwidth P1|
    +--------------------+----------+----+---+----+------------+------------+
    |add_ln33_fu_72_p2   |         +|   0|  0|  12|           4|           2|
    |icmp_ln33_fu_66_p2  |      icmp|   0|  0|   9|           4|           1|
    |ap_enable_pp0       |       xor|   0|  0|   2|           1|           2|
    +--------------------+----------+----+---+----+------------+------------+
    |Total               |          |   0|  0|  23|           9|           5|
    +--------------------+----------+----+---+----+------------+------------+

    * Multiplexer: 
    +-------------------------+----+-----------+-----+-----------+
    |           Name          | LUT| Input Size| Bits| Total Bits|
    +-------------------------+----+-----------+-----+-----------+
    |ap_done_int              |   9|          2|    1|          2|
    |ap_enable_reg_pp0_iter1  |   9|          2|    1|          2|
    |ap_sig_allocacmp_i_1     |   9|          2|    4|          8|
    |i_fu_28                  |   9|          2|    4|          8|
    +-------------------------+----+-----------+-----+-----------+
    |Total                    |  36|          8|   10|         20|
    +-------------------------+----+-----------+-----+-----------+

    * Register: 
    +-------------------------+---+----+-----+-----------+
    |           Name          | FF| LUT| Bits| Const Bits|
    +-------------------------+---+----+-----+-----------+
    |ap_CS_fsm                |  1|   0|    1|          0|
    |ap_done_reg              |  1|   0|    1|          0|
    |ap_enable_reg_pp0_iter1  |  1|   0|    1|          0|
    |i_1_reg_99               |  4|   0|    4|          0|
    |i_fu_28                  |  4|   0|    4|          0|
    +-------------------------+---+----+-----+-----------+
    |Total                    | 11|   0|   11|          0|
    +-------------------------+---+----+-----+-----------+



================================================================
== Interface
================================================================
* Summary: 
+--------------------+-----+-----+------------+------------------+--------------+
|      RTL Ports     | Dir | Bits|  Protocol  |   Source Object  |    C Type    |
+--------------------+-----+-----+------------+------------------+--------------+
|ap_clk              |   in|    1|  ap_ctrl_hs|  fir_Pipeline_TDL|  return value|
|ap_rst              |   in|    1|  ap_ctrl_hs|  fir_Pipeline_TDL|  return value|
|ap_start            |   in|    1|  ap_ctrl_hs|  fir_Pipeline_TDL|  return value|
|ap_done             |  out|    1|  ap_ctrl_hs|  fir_Pipeline_TDL|  return value|
|ap_idle             |  out|    1|  ap_ctrl_hs|  fir_Pipeline_TDL|  return value|
|ap_ready            |  out|    1|  ap_ctrl_hs|  fir_Pipeline_TDL|  return value|
|shift_reg_address0  |  out|    4|   ap_memory|         shift_reg|         array|
|shift_reg_ce0       |  out|    1|   ap_memory|         shift_reg|         array|
|shift_reg_we0       |  out|    1|   ap_memory|         shift_reg|         array|
|shift_reg_d0        |  out|   32|   ap_memory|         shift_reg|         array|
|shift_reg_address1  |  out|    4|   ap_memory|         shift_reg|         array|
|shift_reg_ce1       |  out|    1|   ap_memory|         shift_reg|         array|
|shift_reg_q1        |   in|   32|   ap_memory|         shift_reg|         array|
+--------------------+-----+-----+------------+------------------+--------------+

