#-----------------------------------------------------------
# Vivado v2022.1 (64-bit)
# SW Build 3526262 on Mon Apr 18 15:47:01 MDT 2022
# IP Build 3524634 on Mon Apr 18 20:55:01 MDT 2022
# Start of session at: Sun Feb 23 01:41:47 2025
# Process ID: 3125
# Current directory: /home/ubuntu/course-lab_1
# Command line: vivado
# Log file: /home/ubuntu/course-lab_1/vivado.log
# Journal file: /home/ubuntu/course-lab_1/vivado.jou
# Running On: ubuntu2004, OS: Linux, CPU Frequency: 2592.008 MHz, CPU Physical cores: 2, Host memory: 14513 MB
#-----------------------------------------------------------
start_gui
WARNING: [Board 49-26] cannot add Board Part xilinx.com:vpk120_es:part0:1.2 available at /tools/Xilinx/Vivado/2022.1/data/xhub/boards/XilinxBoardStore/boards/Xilinx/vpk120/es/1.2/board.xml as part xcvp1202-vsva2785-2mp-e-s-es1 specified in board_part file is either invalid or not available
WARNING: [Board 49-26] cannot add Board Part xilinx.com:vpk120_es_revb:part0:1.0 available at /tools/Xilinx/Vivado/2022.1/data/xhub/boards/XilinxBoardStore/boards/Xilinx/vpk120_revb/es/1.0/board.xml as part xcvp1202-vsva2785-2mp-e-s-es1 specified in board_part file is either invalid or not available
WARNING: [Board 49-26] cannot add Board Part xilinx.com:zcu208ld:part0:2.0 available at /tools/Xilinx/Vivado/2022.1/data/xhub/boards/XilinxBoardStore/boards/Xilinx/zcu208ld/production/2.0/board.xml as part xczu58dr-fsvg1517-2-i specified in board_part file is either invalid or not available
WARNING: [Board 49-26] cannot add Board Part xilinx.com:zcu216ld:part0:2.0 available at /tools/Xilinx/Vivado/2022.1/data/xhub/boards/XilinxBoardStore/boards/Xilinx/zcu216ld/production/2.0/board.xml as part xczu59dr-ffvf1760-2-i specified in board_part file is either invalid or not available
WARNING: [Board 49-26] cannot add Board Part xilinx.com:zcu670:part0:2.0 available at /tools/Xilinx/Vivado/2022.1/data/xhub/boards/XilinxBoardStore/boards/Xilinx/zcu670/2.0/board.xml as part xczu67dr-fsve1156-2-i specified in board_part file is either invalid or not available
WARNING: [Board 49-26] cannot add Board Part xilinx.com:zcu670ld:part0:1.0 available at /tools/Xilinx/Vivado/2022.1/data/xhub/boards/XilinxBoardStore/boards/Xilinx/zcu670ld/1.0/board.xml as part xczu57dr-fsve1156-2-i specified in board_part file is either invalid or not available
open_project /home/ubuntu/course-lab_1/vivado/vivado.xpr
INFO: [filemgmt 56-3] Default IP Output Path : Could not find the directory '/home/ubuntu/course-lab_1/vivado/vivado.gen/sources_1'.
Scanning sources...
Finished scanning sources
INFO: [IP_Flow 19-234] Refreshing IP repositories
INFO: [IP_Flow 19-1700] Loaded user IP repository '/home/ubuntu/course-lab_1/hls_ip'.
INFO: [IP_Flow 19-2313] Loaded Vivado IP repository '/tools/Xilinx/Vivado/2022.1/data/ip'.
update_compile_order -fileset sources_1
open_bd_design {/home/ubuntu/course-lab_1/vivado/vivado.srcs/sources_1/bd/design_1/design_1.bd}
Reading block design file </home/ubuntu/course-lab_1/vivado/vivado.srcs/sources_1/bd/design_1/design_1.bd>...
Successfully read diagram <design_1> from block design file </home/ubuntu/course-lab_1/vivado/vivado.srcs/sources_1/bd/design_1/design_1.bd>
open_bd_design {/home/ubuntu/course-lab_1/vivado/vivado.srcs/sources_1/bd/design_1/design_1.bd}
open_bd_design {/home/ubuntu/course-lab_1/vivado/vivado.srcs/sources_1/bd/design_1/design_1.bd}
startgroup
create_bd_cell -type ip -vlnv xilinx.com:ip:processing_system7:5.5 processing_system7_0
endgroup
